#
# There is insufficient memory for the Java Runtime Environment to continue.
# Native memory allocation (malloc) failed to allocate 1236592 bytes. Error detail: Chunk::new
# Possible reasons:
#   The system is out of physical RAM or swap space
#   This process is running with CompressedOops enabled, and the Java Heap may be blocking the growth of the native heap
# Possible solutions:
#   Reduce memory load on the system
#   Increase physical memory or swap space
#   Check if swap backing store is full
#   Decrease Java heap size (-Xmx/-Xms)
#   Decrease number of Java threads
#   Decrease Java thread stack sizes (-Xss)
#   Set larger code cache with -XX:ReservedCodeCacheSize=
#   JVM is running with Unscaled Compressed Oops mode in which the Java heap is
#     placed in the first 4GB address space. The Java Heap base address is the
#     maximum limit for the native heap growth. Please use -XX:HeapBaseMinAddress
#     to set the Java Heap base and to place the Java Heap above 4GB virtual address.
# This output file may be truncated or incomplete.
#
#  Out of Memory Error (arena.cpp:168), pid=5736, tid=14420
#
# JRE version: OpenJDK Runtime Environment Temurin-21.0.8+9 (21.0.8+9) (build 21.0.8+9-LTS)
# Java VM: OpenJDK 64-Bit Server VM Temurin-21.0.8+9 (21.0.8+9-LTS, mixed mode, sharing, tiered, compressed oops, compressed class ptrs, parallel gc, windows-amd64)
# No core dump will be written. Minidumps are not enabled by default on client versions of Windows
#

---------------  S U M M A R Y ------------

Command Line: --add-modules=ALL-SYSTEM --add-opens=java.base/java.util=ALL-UNNAMED --add-opens=java.base/java.lang=ALL-UNNAMED --add-opens=java.base/sun.nio.fs=ALL-UNNAMED -Declipse.application=org.eclipse.jdt.ls.core.id1 -Dosgi.bundles.defaultStartLevel=4 -Declipse.product=org.eclipse.jdt.ls.core.product -Djava.import.generatesMetadataFilesAtProjectRoot=false -DDetectVMInstallationsJob.disabled=true -Dfile.encoding=utf8 -XX:+UseParallelGC -XX:GCTimeRatio=4 -XX:AdaptiveSizePolicyWeight=90 -Dsun.zip.disableMemoryMapping=true -Xmx2G -Xms100m -Xlog:disable -javaagent:c:\Users\Kimberly Figueroa\.vscode\extensions\redhat.java-1.45.0-win32-x64\lombok\lombok-1.18.39-4050.jar -XX:+HeapDumpOnOutOfMemoryError -XX:HeapDumpPath=c:\Users\Kimberly Figueroa\AppData\Roaming\Code\User\workspaceStorage\4bc9a6e7a02183085dbde85ddfb03834\redhat.java -Daether.dependencyCollector.impl=bf c:\Users\Kimberly Figueroa\.vscode\extensions\redhat.java-1.45.0-win32-x64\server\plugins\org.eclipse.equinox.launcher_1.7.0.v20250519-0528.jar -configuration c:\Users\Kimberly Figueroa\AppData\Roaming\Code\User\globalStorage\redhat.java\1.45.0\config_win -data c:\Users\Kimberly Figueroa\AppData\Roaming\Code\User\workspaceStorage\4bc9a6e7a02183085dbde85ddfb03834\redhat.java\jdt_ws --pipe=\\.\pipe\lsp-cd9f1657cee110e446a45de9d5dac135-sock

Host: Intel(R) Core(TM) i5-1035G1 CPU @ 1.00GHz, 8 cores, 3G,  Windows 11 , 64 bit Build 26100 (10.0.26100.5074)
Time: Mon Sep 22 15:04:11 2025 Hora est. Pacífico, Sudamérica elapsed time: 88.829364 seconds (0d 0h 1m 28s)

---------------  T H R E A D  ---------------

Current thread (0x000001c15a5c0e20):  JavaThread "C2 CompilerThread0" daemon [_thread_in_native, id=14420, stack(0x000000b5b0600000,0x000000b5b0700000) (1024K)]


Current CompileTask:
C2:88829 13224 % !   4       org.eclipse.jdt.internal.core.JarPackageFragmentRoot::computeChildren @ 246 (605 bytes)

Stack: [0x000000b5b0600000,0x000000b5b0700000]
Native frames: (J=compiled Java code, j=interpreted, Vv=VM code, C=native code)
V  [jvm.dll+0x6d2449]
V  [jvm.dll+0x8ae341]
V  [jvm.dll+0x8b08be]
V  [jvm.dll+0x8b0fa3]
V  [jvm.dll+0x280c96]
V  [jvm.dll+0xc581d]
V  [jvm.dll+0xc5d53]
V  [jvm.dll+0x3b919c]
V  [jvm.dll+0x385315]
V  [jvm.dll+0x38477a]
V  [jvm.dll+0x248ed0]
V  [jvm.dll+0x2484af]
V  [jvm.dll+0x1c89ee]
V  [jvm.dll+0x257d4d]
V  [jvm.dll+0x2562ea]
V  [jvm.dll+0x3f2d16]
V  [jvm.dll+0x857e6b]
V  [jvm.dll+0x6d0b0d]
C  [ucrtbase.dll+0x37b0]
C  [KERNEL32.DLL+0x2e8d7]
C  [ntdll.dll+0x8d9c]


---------------  P R O C E S S  ---------------

Threads class SMR info:
_java_thread_list=0x000001c17b812440, length=68, elements={
0x000001c15820ce90, 0x000001c15a6fd320, 0x000001c15a5b6730, 0x000001c15a5bbcf0,
0x000001c15a5bc740, 0x000001c15a5bf5a0, 0x000001c15a5bfff0, 0x000001c15a5c0e20,
0x000001c15a5c4a40, 0x000001c17294d9f0, 0x000001c172b7b8c0, 0x000001c17717bb90,
0x000001c1772862f0, 0x000001c177693500, 0x000001c177693b60, 0x000001c177a19540,
0x000001c177a11460, 0x000001c172b55890, 0x000001c172b54b70, 0x000001c172b56c40,
0x000001c172b565b0, 0x000001c172b572d0, 0x000001c172b55f20, 0x000001c172b57ff0,
0x000001c172b57960, 0x000001c172b55200, 0x000001c1783170d0, 0x000001c178318b10,
0x000001c178317760, 0x000001c178317df0, 0x000001c178318480, 0x000001c1783191a0,
0x000001c178319830, 0x000001c178319ec0, 0x000001c178316a40, 0x000001c17831b900,
0x000001c17831b270, 0x000001c17831d9d0, 0x000001c17ab5c2a0, 0x000001c17ab5c930,
0x000001c17831abe0, 0x000001c17831ccb0, 0x000001c17831a550, 0x000001c17831e060,
0x000001c17c286870, 0x000001c17c2833f0, 0x000001c17c285b50, 0x000001c17c284110,
0x000001c17c286f00, 0x000001c17c284e30, 0x000001c17c283a80, 0x000001c17c2847a0,
0x000001c17c287590, 0x000001c17c2882b0, 0x000001c17c287c20, 0x000001c17c2854c0,
0x000001c17c288fd0, 0x000001c17c289660, 0x000001c17c289cf0, 0x000001c17c28a380,
0x000001c17c28aa10, 0x000001c17831bf90, 0x000001c178d59640, 0x000001c178d5b080,
0x000001c178d58920, 0x000001c178d5a9f0, 0x000001c178d5b710, 0x000001c17b6558c0
}

Java Threads: ( => current thread )
  0x000001c15820ce90 JavaThread "main"                              [_thread_blocked, id=13176, stack(0x000000b5afb00000,0x000000b5afc00000) (1024K)]
  0x000001c15a6fd320 JavaThread "Reference Handler"          daemon [_thread_blocked, id=17464, stack(0x000000b5b0000000,0x000000b5b0100000) (1024K)]
  0x000001c15a5b6730 JavaThread "Finalizer"                  daemon [_thread_blocked, id=15384, stack(0x000000b5b0100000,0x000000b5b0200000) (1024K)]
  0x000001c15a5bbcf0 JavaThread "Signal Dispatcher"          daemon [_thread_blocked, id=7016, stack(0x000000b5b0200000,0x000000b5b0300000) (1024K)]
  0x000001c15a5bc740 JavaThread "Attach Listener"            daemon [_thread_blocked, id=3452, stack(0x000000b5b0300000,0x000000b5b0400000) (1024K)]
  0x000001c15a5bf5a0 JavaThread "Service Thread"             daemon [_thread_blocked, id=1996, stack(0x000000b5b0400000,0x000000b5b0500000) (1024K)]
  0x000001c15a5bfff0 JavaThread "Monitor Deflation Thread"   daemon [_thread_blocked, id=12924, stack(0x000000b5b0500000,0x000000b5b0600000) (1024K)]
=>0x000001c15a5c0e20 JavaThread "C2 CompilerThread0"         daemon [_thread_in_native, id=14420, stack(0x000000b5b0600000,0x000000b5b0700000) (1024K)]
  0x000001c15a5c4a40 JavaThread "C1 CompilerThread0"         daemon [_thread_blocked, id=10724, stack(0x000000b5b0700000,0x000000b5b0800000) (1024K)]
  0x000001c17294d9f0 JavaThread "Common-Cleaner"             daemon [_thread_blocked, id=21376, stack(0x000000b5b0800000,0x000000b5b0900000) (1024K)]
  0x000001c172b7b8c0 JavaThread "Notification Thread"        daemon [_thread_blocked, id=11364, stack(0x000000b5b0900000,0x000000b5b0a00000) (1024K)]
  0x000001c17717bb90 JavaThread "Active Thread: Equinox Container: 2e1ff287-b67a-4c76-a485-d25356792cd7"        [_thread_blocked, id=4600, stack(0x000000b5b1000000,0x000000b5b1100000) (1024K)]
  0x000001c1772862f0 JavaThread "Refresh Thread: Equinox Container: 2e1ff287-b67a-4c76-a485-d25356792cd7" daemon [_thread_blocked, id=7616, stack(0x000000b5b1200000,0x000000b5b1300000) (1024K)]
  0x000001c177693500 JavaThread "Framework Event Dispatcher: Equinox Container: 2e1ff287-b67a-4c76-a485-d25356792cd7" daemon [_thread_blocked, id=9820, stack(0x000000b5b1300000,0x000000b5b1400000) (1024K)]
  0x000001c177693b60 JavaThread "Start Level: Equinox Container: 2e1ff287-b67a-4c76-a485-d25356792cd7" daemon [_thread_blocked, id=14212, stack(0x000000b5b1400000,0x000000b5b1500000) (1024K)]
  0x000001c177a19540 JavaThread "Bundle File Closer"         daemon [_thread_blocked, id=18724, stack(0x000000b5b1500000,0x000000b5b1600000) (1024K)]
  0x000001c177a11460 JavaThread "SCR Component Actor"        daemon [_thread_blocked, id=6760, stack(0x000000b5b1600000,0x000000b5b1700000) (1024K)]
  0x000001c172b55890 JavaThread "Worker-JM"                         [_thread_blocked, id=13908, stack(0x000000b5b1800000,0x000000b5b1900000) (1024K)]
  0x000001c172b54b70 JavaThread "Worker-0"                          [_thread_blocked, id=7020, stack(0x000000b5b1900000,0x000000b5b1a00000) (1024K)]
  0x000001c172b56c40 JavaThread "Worker-1: Publish Diagnostics"        [_thread_in_Java, id=14380, stack(0x000000b5b1a00000,0x000000b5b1b00000) (1024K)]
  0x000001c172b565b0 JavaThread "Worker-2"                          [_thread_blocked, id=1648, stack(0x000000b5b1b00000,0x000000b5b1c00000) (1024K)]
  0x000001c172b572d0 JavaThread "Worker-3"                          [_thread_blocked, id=15704, stack(0x000000b5b1c00000,0x000000b5b1d00000) (1024K)]
  0x000001c172b55f20 JavaThread "Java indexing"              daemon [_thread_blocked, id=7756, stack(0x000000b5b1d00000,0x000000b5b1e00000) (1024K)]
  0x000001c172b57ff0 JavaThread "JNA Cleaner"                daemon [_thread_blocked, id=9904, stack(0x000000b5b1700000,0x000000b5b1800000) (1024K)]
  0x000001c172b57960 JavaThread "Worker-4"                          [_thread_blocked, id=1912, stack(0x000000b5b2000000,0x000000b5b2100000) (1024K)]
  0x000001c172b55200 JavaThread "Worker-5: Initialize workspace"        [_thread_in_Java, id=18968, stack(0x000000b5b2100000,0x000000b5b2200000) (1024K)]
  0x000001c1783170d0 JavaThread "Thread-2"                   daemon [_thread_in_native, id=17864, stack(0x000000b5b2200000,0x000000b5b2300000) (1024K)]
  0x000001c178318b10 JavaThread "Thread-3"                   daemon [_thread_in_native, id=3604, stack(0x000000b5b2300000,0x000000b5b2400000) (1024K)]
  0x000001c178317760 JavaThread "Thread-4"                   daemon [_thread_in_native, id=3436, stack(0x000000b5b2400000,0x000000b5b2500000) (1024K)]
  0x000001c178317df0 JavaThread "Thread-5"                   daemon [_thread_in_native, id=328, stack(0x000000b5b2500000,0x000000b5b2600000) (1024K)]
  0x000001c178318480 JavaThread "Thread-6"                   daemon [_thread_in_native, id=4168, stack(0x000000b5b2600000,0x000000b5b2700000) (1024K)]
  0x000001c1783191a0 JavaThread "Thread-7"                   daemon [_thread_in_native, id=11312, stack(0x000000b5b2700000,0x000000b5b2800000) (1024K)]
  0x000001c178319830 JavaThread "Thread-8"                   daemon [_thread_in_native, id=17920, stack(0x000000b5b2800000,0x000000b5b2900000) (1024K)]
  0x000001c178319ec0 JavaThread "Thread-9"                   daemon [_thread_in_native, id=6488, stack(0x000000b5b2900000,0x000000b5b2a00000) (1024K)]
  0x000001c178316a40 JavaThread "Thread-10"                  daemon [_thread_in_native, id=14184, stack(0x000000b5b2a00000,0x000000b5b2b00000) (1024K)]
  0x000001c17831b900 JavaThread "pool-2-thread-1"                   [_thread_blocked, id=11008, stack(0x000000b5b2b00000,0x000000b5b2c00000) (1024K)]
  0x000001c17831b270 JavaThread "WorkspaceEventsHandler"            [_thread_blocked, id=4512, stack(0x000000b5b2c00000,0x000000b5b2d00000) (1024K)]
  0x000001c17831d9d0 JavaThread "pool-1-thread-1"                   [_thread_blocked, id=21520, stack(0x000000b5b2d00000,0x000000b5b2e00000) (1024K)]
  0x000001c17ab5c2a0 JavaThread "LocalFile Deleter"          daemon [_thread_blocked, id=17336, stack(0x000000b5b3100000,0x000000b5b3200000) (1024K)]
  0x000001c17ab5c930 JavaThread "LocalFile Deleter"          daemon [_thread_blocked, id=8664, stack(0x000000b5b3200000,0x000000b5b3300000) (1024K)]
  0x000001c17831abe0 JavaThread "LocalFile Deleter"          daemon [_thread_blocked, id=6216, stack(0x000000b5b3300000,0x000000b5b3400000) (1024K)]
  0x000001c17831ccb0 JavaThread "LocalFile Deleter"          daemon [_thread_blocked, id=6932, stack(0x000000b5b3400000,0x000000b5b3500000) (1024K)]
  0x000001c17831a550 JavaThread "LocalFile Deleter"          daemon [_thread_blocked, id=7784, stack(0x000000b5b3500000,0x000000b5b3600000) (1024K)]
  0x000001c17831e060 JavaThread "LocalFile Deleter"          daemon [_thread_blocked, id=14416, stack(0x000000b5b3600000,0x000000b5b3700000) (1024K)]
  0x000001c17c286870 JavaThread "LocalFile Deleter"          daemon [_thread_blocked, id=18316, stack(0x000000b5b3700000,0x000000b5b3800000) (1024K)]
  0x000001c17c2833f0 JavaThread "LocalFile Deleter"          daemon [_thread_blocked, id=17008, stack(0x000000b5b3800000,0x000000b5b3900000) (1024K)]
  0x000001c17c285b50 JavaThread "Compiler Source File Reader" daemon [_thread_blocked, id=10328, stack(0x000000b5b3900000,0x000000b5b3a00000) (1024K)]
  0x000001c17c284110 JavaThread "Compiler Source File Reader" daemon [_thread_blocked, id=11284, stack(0x000000b5b3a00000,0x000000b5b3b00000) (1024K)]
  0x000001c17c286f00 JavaThread "Compiler Source File Reader" daemon [_thread_blocked, id=20728, stack(0x000000b5b3b00000,0x000000b5b3c00000) (1024K)]
  0x000001c17c284e30 JavaThread "Compiler Source File Reader" daemon [_thread_blocked, id=13676, stack(0x000000b5b3c00000,0x000000b5b3d00000) (1024K)]
  0x000001c17c283a80 JavaThread "Compiler Source File Reader" daemon [_thread_blocked, id=5948, stack(0x000000b5b3d00000,0x000000b5b3e00000) (1024K)]
  0x000001c17c2847a0 JavaThread "Compiler Source File Reader" daemon [_thread_blocked, id=17376, stack(0x000000b5b3e00000,0x000000b5b3f00000) (1024K)]
  0x000001c17c287590 JavaThread "Compiler Processing Task"   daemon [_thread_blocked, id=14356, stack(0x000000b5b3f00000,0x000000b5b4000000) (1024K)]
  0x000001c17c2882b0 JavaThread "Compiler Class File Writer" daemon [_thread_blocked, id=9468, stack(0x000000b5b4000000,0x000000b5b4100000) (1024K)]
  0x000001c17c287c20 JavaThread "Compiler Class File Writer" daemon [_thread_blocked, id=2988, stack(0x000000b5b4100000,0x000000b5b4200000) (1024K)]
  0x000001c17c2854c0 JavaThread "Compiler Class File Writer" daemon [_thread_blocked, id=16548, stack(0x000000b5b4200000,0x000000b5b4300000) (1024K)]
  0x000001c17c288fd0 JavaThread "Compiler Class File Writer" daemon [_thread_blocked, id=8064, stack(0x000000b5b4300000,0x000000b5b4400000) (1024K)]
  0x000001c17c289660 JavaThread "Compiler Class File Writer" daemon [_thread_blocked, id=14652, stack(0x000000b5b4400000,0x000000b5b4500000) (1024K)]
  0x000001c17c289cf0 JavaThread "Compiler Class File Writer" daemon [_thread_blocked, id=1440, stack(0x000000b5b4500000,0x000000b5b4600000) (1024K)]
  0x000001c17c28a380 JavaThread "Worker-6"                          [_thread_blocked, id=9144, stack(0x000000b5b2f00000,0x000000b5b3000000) (1024K)]
  0x000001c17c28aa10 JavaThread "ForkJoinPool.commonPool-worker-1" daemon [_thread_blocked, id=12936, stack(0x000000b5b3000000,0x000000b5b3100000) (1024K)]
  0x000001c17831bf90 JavaThread "ForkJoinPool.commonPool-worker-2" daemon [_thread_in_Java, id=6748, stack(0x000000b5b4600000,0x000000b5b4700000) (1024K)]
  0x000001c178d59640 JavaThread "ForkJoinPool.commonPool-worker-3" daemon [_thread_blocked, id=5972, stack(0x000000b5b4700000,0x000000b5b4800000) (1024K)]
  0x000001c178d5b080 JavaThread "ForkJoinPool.commonPool-worker-4" daemon [_thread_blocked, id=14776, stack(0x000000b5b4800000,0x000000b5b4900000) (1024K)]
  0x000001c178d58920 JavaThread "ForkJoinPool.commonPool-worker-5" daemon [_thread_in_Java, id=17528, stack(0x000000b5b4900000,0x000000b5b4a00000) (1024K)]
  0x000001c178d5a9f0 JavaThread "ForkJoinPool.commonPool-worker-6" daemon [_thread_blocked, id=4916, stack(0x000000b5b4a00000,0x000000b5b4b00000) (1024K)]
  0x000001c178d5b710 JavaThread "ForkJoinPool.commonPool-worker-7" daemon [_thread_in_native, id=10772, stack(0x000000b5b4c00000,0x000000b5b4d00000) (1024K)]
  0x000001c17b6558c0 JavaThread "C2 CompilerThread1"         daemon [_thread_in_native, id=7420, stack(0x000000b5b4b00000,0x000000b5b4c00000) (1024K)]
Total: 68

Other Threads:
  0x000001c15a6e1b10 VMThread "VM Thread"                           [id=13740, stack(0x000000b5aff00000,0x000000b5b0000000) (1024K)]
  0x000001c15a6b11b0 WatcherThread "VM Periodic Task Thread"        [id=12156, stack(0x000000b5afe00000,0x000000b5aff00000) (1024K)]
  0x000001c15a65ee40 WorkerThread "GC Thread#0"                     [id=10176, stack(0x000000b5afd00000,0x000000b5afe00000) (1024K)]
  0x000001c172c341d0 WorkerThread "GC Thread#1"                     [id=4500, stack(0x000000b5b0a00000,0x000000b5b0b00000) (1024K)]
  0x000001c172c34f90 WorkerThread "GC Thread#2"                     [id=20904, stack(0x000000b5b0b00000,0x000000b5b0c00000) (1024K)]
  0x000001c17722e800 WorkerThread "GC Thread#3"                     [id=3012, stack(0x000000b5b0c00000,0x000000b5b0d00000) (1024K)]
  0x000001c17722eba0 WorkerThread "GC Thread#4"                     [id=13548, stack(0x000000b5b0d00000,0x000000b5b0e00000) (1024K)]
  0x000001c17722ef40 WorkerThread "GC Thread#5"                     [id=12940, stack(0x000000b5b0e00000,0x000000b5b0f00000) (1024K)]
  0x000001c17722f2e0 WorkerThread "GC Thread#6"                     [id=5952, stack(0x000000b5b0f00000,0x000000b5b1000000) (1024K)]
  0x000001c177687380 WorkerThread "GC Thread#7"                     [id=4468, stack(0x000000b5b1100000,0x000000b5b1200000) (1024K)]
Total: 10

Threads with active compile tasks:
C2 CompilerThread0  88896 13224 % !   4       org.eclipse.jdt.internal.core.JarPackageFragmentRoot::computeChildren @ 246 (605 bytes)
C2 CompilerThread1  88896 13296       4       org.eclipse.jdt.internal.core.util.Util::splitOn (134 bytes)
Total: 2

VM state: not at safepoint (normal execution)

VM Mutex/Monitor currently owned by a thread: None

Heap address: 0x0000000080000000, size: 2048 MB, Compressed Oops mode: 32-bit

CDS archive(s) mapped at: [0x000001c100000000-0x000001c100ba0000-0x000001c100ba0000), size 12189696, SharedBaseAddress: 0x000001c100000000, ArchiveRelocationMode: 1.
Compressed class space mapped at: 0x000001c101000000-0x000001c141000000, reserved size: 1073741824
Narrow klass base: 0x000001c100000000, Narrow klass shift: 0, Narrow klass range: 0x100000000

GC Precious Log:
 CardTable entry size: 512
 CPUs: 8 total, 8 available
 Memory: 3885M
 Large Page Support: Disabled
 NUMA Support: Disabled
 Compressed Oops: Enabled (32-bit)
 Alignments: Space 512K, Generation 512K, Heap 2M
 Heap Min Capacity: 100M
 Heap Initial Capacity: 100M
 Heap Max Capacity: 2G
 Pre-touch: Disabled
 Parallel Workers: 8

Heap:
 PSYoungGen      total 9216K, used 2505K [0x00000000d5580000, 0x00000000d6080000, 0x0000000100000000)
  eden space 8704K, 25% used [0x00000000d5580000,0x00000000d57ae7c8,0x00000000d5e00000)
  from space 512K, 62% used [0x00000000d5f80000,0x00000000d5fd0000,0x00000000d6000000)
  to   space 512K, 0% used [0x00000000d6000000,0x00000000d6000000,0x00000000d6080000)
 ParOldGen       total 873984K, used 873850K [0x0000000080000000, 0x00000000b5580000, 0x00000000d5580000)
  object space 873984K, 99% used [0x0000000080000000,0x00000000b555e8d8,0x00000000b5580000)
 Metaspace       used 72106K, committed 73728K, reserved 1179648K
  class space    used 7678K, committed 8384K, reserved 1048576K

Card table byte_map: [0x000001c159fe0000,0x000001c15a3f0000] _byte_map_base: 0x000001c159be0000

Marking Bits: (ParMarkBitMap*) 0x00007ff86213a340
 Begin Bits: [0x000001c16cae0000, 0x000001c16eae0000)
 End Bits:   [0x000001c16eae0000, 0x000001c170ae0000)

Polling page: 0x000001c158400000

Metaspace:

Usage:
  Non-class:     62.92 MB used.
      Class:      7.50 MB used.
       Both:     70.42 MB used.

Virtual space:
  Non-class space:      128.00 MB reserved,      63.81 MB ( 50%) committed,  2 nodes.
      Class space:        1.00 GB reserved,       8.19 MB ( <1%) committed,  1 nodes.
             Both:        1.12 GB reserved,      72.00 MB (  6%) committed. 

Chunk freelists:
   Non-Class:  15.78 MB
       Class:  7.82 MB
        Both:  23.61 MB

MaxMetaspaceSize: unlimited
CompressedClassSpaceSize: 1.00 GB
Initial GC threshold: 21.00 MB
Current GC threshold: 97.31 MB
CDS: on
 - commit_granule_bytes: 65536.
 - commit_granule_words: 8192.
 - virtual_space_node_default_size: 8388608.
 - enlarge_chunks_in_place: 1.
 - use_allocation_guard: 0.


Internal statistics:

num_allocs_failed_limit: 9.
num_arena_births: 1296.
num_arena_deaths: 22.
num_vsnodes_births: 3.
num_vsnodes_deaths: 0.
num_space_committed: 1152.
num_space_uncommitted: 0.
num_chunks_returned_to_freelist: 35.
num_chunks_taken_from_freelist: 4500.
num_chunk_merges: 18.
num_chunk_splits: 2782.
num_chunks_enlarged: 1613.
num_inconsistent_stats: 0.

CodeHeap 'non-profiled nmethods': size=120000Kb used=9827Kb max_used=9827Kb free=110172Kb
 bounds [0x000001c165300000, 0x000001c165ca0000, 0x000001c16c830000]
CodeHeap 'profiled nmethods': size=120000Kb used=28408Kb max_used=28408Kb free=91591Kb
 bounds [0x000001c15d830000, 0x000001c15f3f0000, 0x000001c164d60000]
CodeHeap 'non-nmethods': size=5760Kb used=1498Kb max_used=1564Kb free=4261Kb
 bounds [0x000001c164d60000, 0x000001c164fd0000, 0x000001c165300000]
CodeCache: size=245760Kb, used=39733Kb, max_used=39799Kb, free=206024Kb
 total_blobs=13334, nmethods=12521, adapters=718, full_count=0
Compilation: enabled, stopped_count=0, restarted_count=0

Compilation events (20 events):
Event: 87.616 Thread 0x000001c17b6558c0 nmethod 13232 0x000001c165c90010 code [0x000001c165c901c0, 0x000001c165c904d0]
Event: 87.616 Thread 0x000001c17b6558c0 13273       4       org.eclipse.jdt.internal.core.util.WeakHashSet::rehash (90 bytes)
Event: 87.641 Thread 0x000001c17b6558c0 nmethod 13273 0x000001c165c90710 code [0x000001c165c908e0, 0x000001c165c90e48]
Event: 87.641 Thread 0x000001c17b6558c0 13266       4       java.io.InputStream::readAllBytes (7 bytes)
Event: 87.643 Thread 0x000001c17b6558c0 nmethod 13266 0x000001c165c91310 code [0x000001c165c914a0, 0x000001c165c91588]
Event: 87.643 Thread 0x000001c17b6558c0 13240       4       org.eclipse.jdt.internal.core.JavaElement::hashCode (28 bytes)
Event: 87.644 Thread 0x000001c17b6558c0 nmethod 13240 0x000001c165c91690 code [0x000001c165c91820, 0x000001c165c918f8]
Event: 87.644 Thread 0x000001c17b6558c0 13247       4       java.lang.invoke.LambdaForm$MH/0x000001c101258000::invoke (36 bytes)
Event: 87.647 Thread 0x000001c17b6558c0 nmethod 13247 0x000001c165c91990 code [0x000001c165c91b20, 0x000001c165c91c80]
Event: 87.647 Thread 0x000001c17b6558c0 13225       4       java.util.Collection::toArray (17 bytes)
Event: 87.650 Thread 0x000001c17b6558c0 nmethod 13225 0x000001c165c91e10 code [0x000001c165c91fc0, 0x000001c165c92198]
Event: 87.650 Thread 0x000001c17b6558c0 13233       4       org.eclipse.jdt.internal.core.PackageFragmentRoot::getPath (5 bytes)
Event: 87.651 Thread 0x000001c17b6558c0 nmethod 13233 0x000001c165c92310 code [0x000001c165c924a0, 0x000001c165c92550]
Event: 87.651 Thread 0x000001c17b6558c0 13256       4       org.eclipse.jdt.internal.core.JavaElement::escapeMementoName (6 bytes)
Event: 87.652 Thread 0x000001c17b6558c0 nmethod 13256 0x000001c165c92610 code [0x000001c165c927a0, 0x000001c165c92858]
Event: 87.689 Thread 0x000001c17b6558c0 13274   !   4       java.io.WinNTFileSystem::getBooleanAttributes (27 bytes)
Event: 87.692 Thread 0x000001c17b6558c0 nmethod 13274 0x000001c165c92910 code [0x000001c165c92ac0, 0x000001c165c92c10]
Event: 87.783 Thread 0x000001c15a5c4a40 13275       3       org.apache.maven.project.MavenProject::getRemoteArtifactRepositories (23 bytes)
Event: 87.784 Thread 0x000001c15a5c4a40 nmethod 13275 0x000001c15f3e4210 code [0x000001c15f3e43e0, 0x000001c15f3e4730]
Event: 87.795 Thread 0x000001c17b6558c0 13276       4       org.eclipse.jdt.internal.core.JarPackageFragmentRoot$$Lambda/0x000001c10169d7f0::apply (8 bytes)

GC Heap History (20 events):
Event: 86.962 GC heap before
{Heap before GC invocations=1388 (full 3):
 PSYoungGen      total 9216K, used 8992K [0x00000000d5580000, 0x00000000d5f80000, 0x0000000100000000)
  eden space 8704K, 100% used [0x00000000d5580000,0x00000000d5e00000,0x00000000d5e00000)
  from space 512K, 56% used [0x00000000d5f00000,0x00000000d5f48000,0x00000000d5f80000)
  to   space 512K, 0% used [0x00000000d5e80000,0x00000000d5e80000,0x00000000d5f00000)
 ParOldGen       total 870400K, used 870078K [0x0000000080000000, 0x00000000b5200000, 0x00000000d5580000)
  object space 870400K, 99% used [0x0000000080000000,0x00000000b51af8f0,0x00000000b5200000)
 Metaspace       used 72026K, committed 73664K, reserved 1179648K
  class space    used 7671K, committed 8384K, reserved 1048576K
}
Event: 86.974 GC heap after
{Heap after GC invocations=1388 (full 3):
 PSYoungGen      total 9216K, used 320K [0x00000000d5580000, 0x00000000d5f80000, 0x0000000100000000)
  eden space 8704K, 0% used [0x00000000d5580000,0x00000000d5580000,0x00000000d5e00000)
  from space 512K, 62% used [0x00000000d5e80000,0x00000000d5ed0000,0x00000000d5f00000)
  to   space 512K, 0% used [0x00000000d5f00000,0x00000000d5f00000,0x00000000d5f80000)
 ParOldGen       total 870400K, used 870238K [0x0000000080000000, 0x00000000b5200000, 0x00000000d5580000)
  object space 870400K, 99% used [0x0000000080000000,0x00000000b51d78f0,0x00000000b5200000)
 Metaspace       used 72026K, committed 73664K, reserved 1179648K
  class space    used 7671K, committed 8384K, reserved 1048576K
}
Event: 86.988 GC heap before
{Heap before GC invocations=1389 (full 3):
 PSYoungGen      total 9216K, used 9024K [0x00000000d5580000, 0x00000000d5f80000, 0x0000000100000000)
  eden space 8704K, 100% used [0x00000000d5580000,0x00000000d5e00000,0x00000000d5e00000)
  from space 512K, 62% used [0x00000000d5e80000,0x00000000d5ed0000,0x00000000d5f00000)
  to   space 512K, 0% used [0x00000000d5f00000,0x00000000d5f00000,0x00000000d5f80000)
 ParOldGen       total 870400K, used 870238K [0x0000000080000000, 0x00000000b5200000, 0x00000000d5580000)
  object space 870400K, 99% used [0x0000000080000000,0x00000000b51d78f0,0x00000000b5200000)
 Metaspace       used 72026K, committed 73664K, reserved 1179648K
  class space    used 7671K, committed 8384K, reserved 1048576K
}
Event: 86.993 GC heap after
{Heap after GC invocations=1389 (full 3):
 PSYoungGen      total 9728K, used 288K [0x00000000d5580000, 0x00000000d6100000, 0x0000000100000000)
  eden space 9216K, 0% used [0x00000000d5580000,0x00000000d5580000,0x00000000d5e80000)
  from space 512K, 56% used [0x00000000d5f00000,0x00000000d5f48000,0x00000000d5f80000)
  to   space 512K, 0% used [0x00000000d5e80000,0x00000000d5e80000,0x00000000d5f00000)
 ParOldGen       total 870912K, used 870438K [0x0000000080000000, 0x00000000b5280000, 0x00000000d5580000)
  object space 870912K, 99% used [0x0000000080000000,0x00000000b52098f0,0x00000000b5280000)
 Metaspace       used 72026K, committed 73664K, reserved 1179648K
  class space    used 7671K, committed 8384K, reserved 1048576K
}
Event: 87.062 GC heap before
{Heap before GC invocations=1390 (full 3):
 PSYoungGen      total 9728K, used 9504K [0x00000000d5580000, 0x00000000d6100000, 0x0000000100000000)
  eden space 9216K, 100% used [0x00000000d5580000,0x00000000d5e80000,0x00000000d5e80000)
  from space 512K, 56% used [0x00000000d5f00000,0x00000000d5f48000,0x00000000d5f80000)
  to   space 512K, 0% used [0x00000000d5e80000,0x00000000d5e80000,0x00000000d5f00000)
 ParOldGen       total 870912K, used 870438K [0x0000000080000000, 0x00000000b5280000, 0x00000000d5580000)
  object space 870912K, 99% used [0x0000000080000000,0x00000000b52098f0,0x00000000b5280000)
 Metaspace       used 72030K, committed 73664K, reserved 1179648K
  class space    used 7671K, committed 8384K, reserved 1048576K
}
Event: 87.067 GC heap after
{Heap after GC invocations=1390 (full 3):
 PSYoungGen      total 9728K, used 288K [0x00000000d5580000, 0x00000000d5f80000, 0x0000000100000000)
  eden space 9216K, 0% used [0x00000000d5580000,0x00000000d5580000,0x00000000d5e80000)
  from space 512K, 56% used [0x00000000d5e80000,0x00000000d5ec8000,0x00000000d5f00000)
  to   space 512K, 0% used [0x00000000d5f00000,0x00000000d5f00000,0x00000000d5f80000)
 ParOldGen       total 870912K, used 870598K [0x0000000080000000, 0x00000000b5280000, 0x00000000d5580000)
  object space 870912K, 99% used [0x0000000080000000,0x00000000b52318f0,0x00000000b5280000)
 Metaspace       used 72030K, committed 73664K, reserved 1179648K
  class space    used 7671K, committed 8384K, reserved 1048576K
}
Event: 87.101 GC heap before
{Heap before GC invocations=1391 (full 3):
 PSYoungGen      total 9728K, used 9504K [0x00000000d5580000, 0x00000000d5f80000, 0x0000000100000000)
  eden space 9216K, 100% used [0x00000000d5580000,0x00000000d5e80000,0x00000000d5e80000)
  from space 512K, 56% used [0x00000000d5e80000,0x00000000d5ec8000,0x00000000d5f00000)
  to   space 512K, 0% used [0x00000000d5f00000,0x00000000d5f00000,0x00000000d5f80000)
 ParOldGen       total 870912K, used 870598K [0x0000000080000000, 0x00000000b5280000, 0x00000000d5580000)
  object space 870912K, 99% used [0x0000000080000000,0x00000000b52318f0,0x00000000b5280000)
 Metaspace       used 72031K, committed 73664K, reserved 1179648K
  class space    used 7671K, committed 8384K, reserved 1048576K
}
Event: 87.107 GC heap after
{Heap after GC invocations=1391 (full 3):
 PSYoungGen      total 9728K, used 352K [0x00000000d5580000, 0x00000000d5f80000, 0x0000000100000000)
  eden space 9216K, 0% used [0x00000000d5580000,0x00000000d5580000,0x00000000d5e80000)
  from space 512K, 68% used [0x00000000d5f00000,0x00000000d5f58000,0x00000000d5f80000)
  to   space 512K, 0% used [0x00000000d5e80000,0x00000000d5e80000,0x00000000d5f00000)
 ParOldGen       total 870912K, used 870758K [0x0000000080000000, 0x00000000b5280000, 0x00000000d5580000)
  object space 870912K, 99% used [0x0000000080000000,0x00000000b52598f0,0x00000000b5280000)
 Metaspace       used 72031K, committed 73664K, reserved 1179648K
  class space    used 7671K, committed 8384K, reserved 1048576K
}
Event: 87.125 GC heap before
{Heap before GC invocations=1392 (full 3):
 PSYoungGen      total 9728K, used 9568K [0x00000000d5580000, 0x00000000d5f80000, 0x0000000100000000)
  eden space 9216K, 100% used [0x00000000d5580000,0x00000000d5e80000,0x00000000d5e80000)
  from space 512K, 68% used [0x00000000d5f00000,0x00000000d5f58000,0x00000000d5f80000)
  to   space 512K, 0% used [0x00000000d5e80000,0x00000000d5e80000,0x00000000d5f00000)
 ParOldGen       total 870912K, used 870758K [0x0000000080000000, 0x00000000b5280000, 0x00000000d5580000)
  object space 870912K, 99% used [0x0000000080000000,0x00000000b52598f0,0x00000000b5280000)
 Metaspace       used 72034K, committed 73664K, reserved 1179648K
  class space    used 7671K, committed 8384K, reserved 1048576K
}
Event: 87.130 GC heap after
{Heap after GC invocations=1392 (full 3):
 PSYoungGen      total 9728K, used 416K [0x00000000d5580000, 0x00000000d5f80000, 0x0000000100000000)
  eden space 9216K, 0% used [0x00000000d5580000,0x00000000d5580000,0x00000000d5e80000)
  from space 512K, 81% used [0x00000000d5e80000,0x00000000d5ee8000,0x00000000d5f00000)
  to   space 512K, 0% used [0x00000000d5f00000,0x00000000d5f00000,0x00000000d5f80000)
 ParOldGen       total 870912K, used 870894K [0x0000000080000000, 0x00000000b5280000, 0x00000000d5580000)
  object space 870912K, 99% used [0x0000000080000000,0x00000000b527b8f0,0x00000000b5280000)
 Metaspace       used 72034K, committed 73664K, reserved 1179648K
  class space    used 7671K, committed 8384K, reserved 1048576K
}
Event: 87.160 GC heap before
{Heap before GC invocations=1393 (full 3):
 PSYoungGen      total 9728K, used 9631K [0x00000000d5580000, 0x00000000d5f80000, 0x0000000100000000)
  eden space 9216K, 99% used [0x00000000d5580000,0x00000000d5e7ffe8,0x00000000d5e80000)
  from space 512K, 81% used [0x00000000d5e80000,0x00000000d5ee8000,0x00000000d5f00000)
  to   space 512K, 0% used [0x00000000d5f00000,0x00000000d5f00000,0x00000000d5f80000)
 ParOldGen       total 870912K, used 870894K [0x0000000080000000, 0x00000000b5280000, 0x00000000d5580000)
  object space 870912K, 99% used [0x0000000080000000,0x00000000b527b8f0,0x00000000b5280000)
 Metaspace       used 72034K, committed 73664K, reserved 1179648K
  class space    used 7671K, committed 8384K, reserved 1048576K
}
Event: 87.165 GC heap after
{Heap after GC invocations=1393 (full 3):
 PSYoungGen      total 9728K, used 320K [0x00000000d5580000, 0x00000000d5f80000, 0x0000000100000000)
  eden space 9216K, 0% used [0x00000000d5580000,0x00000000d5580000,0x00000000d5e80000)
  from space 512K, 62% used [0x00000000d5f00000,0x00000000d5f50020,0x00000000d5f80000)
  to   space 512K, 0% used [0x00000000d5e80000,0x00000000d5e80000,0x00000000d5f00000)
 ParOldGen       total 871424K, used 871134K [0x0000000080000000, 0x00000000b5300000, 0x00000000d5580000)
  object space 871424K, 99% used [0x0000000080000000,0x00000000b52b78f0,0x00000000b5300000)
 Metaspace       used 72034K, committed 73664K, reserved 1179648K
  class space    used 7671K, committed 8384K, reserved 1048576K
}
Event: 87.230 GC heap before
{Heap before GC invocations=1394 (full 3):
 PSYoungGen      total 9728K, used 9536K [0x00000000d5580000, 0x00000000d5f80000, 0x0000000100000000)
  eden space 9216K, 100% used [0x00000000d5580000,0x00000000d5e80000,0x00000000d5e80000)
  from space 512K, 62% used [0x00000000d5f00000,0x00000000d5f50020,0x00000000d5f80000)
  to   space 512K, 0% used [0x00000000d5e80000,0x00000000d5e80000,0x00000000d5f00000)
 ParOldGen       total 871424K, used 871136K [0x0000000080000000, 0x00000000b5300000, 0x00000000d5580000)
  object space 871424K, 99% used [0x0000000080000000,0x00000000b52b80d8,0x00000000b5300000)
 Metaspace       used 72035K, committed 73664K, reserved 1179648K
  class space    used 7671K, committed 8384K, reserved 1048576K
}
Event: 87.236 GC heap after
{Heap after GC invocations=1394 (full 3):
 PSYoungGen      total 9728K, used 320K [0x00000000d5580000, 0x00000000d5f80000, 0x0000000100000000)
  eden space 9216K, 0% used [0x00000000d5580000,0x00000000d5580000,0x00000000d5e80000)
  from space 512K, 62% used [0x00000000d5e80000,0x00000000d5ed0000,0x00000000d5f00000)
  to   space 512K, 0% used [0x00000000d5f00000,0x00000000d5f00000,0x00000000d5f80000)
 ParOldGen       total 871424K, used 871368K [0x0000000080000000, 0x00000000b5300000, 0x00000000d5580000)
  object space 871424K, 99% used [0x0000000080000000,0x00000000b52f20f8,0x00000000b5300000)
 Metaspace       used 72035K, committed 73664K, reserved 1179648K
  class space    used 7671K, committed 8384K, reserved 1048576K
}
Event: 87.263 GC heap before
{Heap before GC invocations=1395 (full 3):
 PSYoungGen      total 9728K, used 9536K [0x00000000d5580000, 0x00000000d5f80000, 0x0000000100000000)
  eden space 9216K, 100% used [0x00000000d5580000,0x00000000d5e80000,0x00000000d5e80000)
  from space 512K, 62% used [0x00000000d5e80000,0x00000000d5ed0000,0x00000000d5f00000)
  to   space 512K, 0% used [0x00000000d5f00000,0x00000000d5f00000,0x00000000d5f80000)
 ParOldGen       total 871424K, used 871368K [0x0000000080000000, 0x00000000b5300000, 0x00000000d5580000)
  object space 871424K, 99% used [0x0000000080000000,0x00000000b52f20f8,0x00000000b5300000)
 Metaspace       used 72035K, committed 73664K, reserved 1179648K
  class space    used 7671K, committed 8384K, reserved 1048576K
}
Event: 87.270 GC heap after
{Heap after GC invocations=1395 (full 3):
 PSYoungGen      total 9728K, used 320K [0x00000000d5580000, 0x00000000d5f80000, 0x0000000100000000)
  eden space 9216K, 0% used [0x00000000d5580000,0x00000000d5580000,0x00000000d5e80000)
  from space 512K, 62% used [0x00000000d5f00000,0x00000000d5f50000,0x00000000d5f80000)
  to   space 512K, 0% used [0x00000000d5e80000,0x00000000d5e80000,0x00000000d5f00000)
 ParOldGen       total 871936K, used 871508K [0x0000000080000000, 0x00000000b5380000, 0x00000000d5580000)
  object space 871936K, 99% used [0x0000000080000000,0x00000000b5315108,0x00000000b5380000)
 Metaspace       used 72035K, committed 73664K, reserved 1179648K
  class space    used 7671K, committed 8384K, reserved 1048576K
}
Event: 87.313 GC heap before
{Heap before GC invocations=1396 (full 3):
 PSYoungGen      total 9728K, used 9536K [0x00000000d5580000, 0x00000000d5f80000, 0x0000000100000000)
  eden space 9216K, 100% used [0x00000000d5580000,0x00000000d5e80000,0x00000000d5e80000)
  from space 512K, 62% used [0x00000000d5f00000,0x00000000d5f50000,0x00000000d5f80000)
  to   space 512K, 0% used [0x00000000d5e80000,0x00000000d5e80000,0x00000000d5f00000)
 ParOldGen       total 871936K, used 871508K [0x0000000080000000, 0x00000000b5380000, 0x00000000d5580000)
  object space 871936K, 99% used [0x0000000080000000,0x00000000b5315108,0x00000000b5380000)
 Metaspace       used 72035K, committed 73664K, reserved 1179648K
  class space    used 7671K, committed 8384K, reserved 1048576K
}
Event: 87.316 GC heap after
{Heap after GC invocations=1396 (full 3):
 PSYoungGen      total 9728K, used 352K [0x00000000d5580000, 0x00000000d5f80000, 0x0000000100000000)
  eden space 9216K, 0% used [0x00000000d5580000,0x00000000d5580000,0x00000000d5e80000)
  from space 512K, 68% used [0x00000000d5e80000,0x00000000d5ed8000,0x00000000d5f00000)
  to   space 512K, 0% used [0x00000000d5f00000,0x00000000d5f00000,0x00000000d5f80000)
 ParOldGen       total 871936K, used 871667K [0x0000000080000000, 0x00000000b5380000, 0x00000000d5580000)
  object space 871936K, 99% used [0x0000000080000000,0x00000000b533ce08,0x00000000b5380000)
 Metaspace       used 72035K, committed 73664K, reserved 1179648K
  class space    used 7671K, committed 8384K, reserved 1048576K
}
Event: 87.358 GC heap before
{Heap before GC invocations=1397 (full 3):
 PSYoungGen      total 9728K, used 9568K [0x00000000d5580000, 0x00000000d5f80000, 0x0000000100000000)
  eden space 9216K, 100% used [0x00000000d5580000,0x00000000d5e80000,0x00000000d5e80000)
  from space 512K, 68% used [0x00000000d5e80000,0x00000000d5ed8000,0x00000000d5f00000)
  to   space 512K, 0% used [0x00000000d5f00000,0x00000000d5f00000,0x00000000d5f80000)
 ParOldGen       total 871936K, used 871667K [0x0000000080000000, 0x00000000b5380000, 0x00000000d5580000)
  object space 871936K, 99% used [0x0000000080000000,0x00000000b533ce08,0x00000000b5380000)
 Metaspace       used 72035K, committed 73664K, reserved 1179648K
  class space    used 7671K, committed 8384K, reserved 1048576K
}
Event: 87.361 GC heap after
{Heap after GC invocations=1397 (full 3):
 PSYoungGen      total 9216K, used 507K [0x00000000d5580000, 0x00000000d6080000, 0x0000000100000000)
  eden space 8704K, 0% used [0x00000000d5580000,0x00000000d5580000,0x00000000d5e00000)
  from space 512K, 99% used [0x00000000d5f00000,0x00000000d5f7efc0,0x00000000d5f80000)
  to   space 1024K, 0% used [0x00000000d5e00000,0x00000000d5e00000,0x00000000d5f00000)
 ParOldGen       total 871936K, used 871873K [0x0000000080000000, 0x00000000b5380000, 0x00000000d5580000)
  object space 871936K, 99% used [0x0000000080000000,0x00000000b53706b8,0x00000000b5380000)
 Metaspace       used 72035K, committed 73664K, reserved 1179648K
  class space    used 7671K, committed 8384K, reserved 1048576K
}

Dll operation events (14 events):
Event: 0.028 Loaded shared library c:\Users\Kimberly Figueroa\.vscode\extensions\redhat.java-1.45.0-win32-x64\jre\21.0.8-win32-x86_64\bin\java.dll
Event: 0.264 Loaded shared library c:\Users\Kimberly Figueroa\.vscode\extensions\redhat.java-1.45.0-win32-x64\jre\21.0.8-win32-x86_64\bin\zip.dll
Event: 0.341 Loaded shared library C:\Users\Kimberly Figueroa\.vscode\extensions\redhat.java-1.45.0-win32-x64\jre\21.0.8-win32-x86_64\bin\instrument.dll
Event: 0.383 Loaded shared library C:\Users\Kimberly Figueroa\.vscode\extensions\redhat.java-1.45.0-win32-x64\jre\21.0.8-win32-x86_64\bin\net.dll
Event: 0.393 Loaded shared library C:\Users\Kimberly Figueroa\.vscode\extensions\redhat.java-1.45.0-win32-x64\jre\21.0.8-win32-x86_64\bin\nio.dll
Event: 0.409 Loaded shared library C:\Users\Kimberly Figueroa\.vscode\extensions\redhat.java-1.45.0-win32-x64\jre\21.0.8-win32-x86_64\bin\zip.dll
Event: 0.591 Loaded shared library C:\Users\Kimberly Figueroa\.vscode\extensions\redhat.java-1.45.0-win32-x64\jre\21.0.8-win32-x86_64\bin\jimage.dll
Event: 1.056 Loaded shared library c:\Users\Kimberly Figueroa\.vscode\extensions\redhat.java-1.45.0-win32-x64\jre\21.0.8-win32-x86_64\bin\verify.dll
Event: 8.108 Loaded shared library C:\Users\Kimberly Figueroa\AppData\Roaming\Code\User\globalStorage\redhat.java\1.45.0\config_win\org.eclipse.equinox.launcher\org.eclipse.equinox.launcher.win32.win32.x86_64_1.2.1400.v20250801-0854\eclipse_11916.dll
Event: 17.122 Loaded shared library C:\Users\Kimberly Figueroa\.vscode\extensions\redhat.java-1.45.0-win32-x64\jre\21.0.8-win32-x86_64\bin\management.dll
Event: 17.139 Loaded shared library C:\Users\Kimberly Figueroa\.vscode\extensions\redhat.java-1.45.0-win32-x64\jre\21.0.8-win32-x86_64\bin\management_ext.dll
Event: 29.349 Loaded shared library C:\Users\Kimberly Figueroa\AppData\Local\Temp\jna-115116419\jna14457660417103003414.dll
Event: 30.706 Loaded shared library C:\Users\Kimberly Figueroa\.vscode\extensions\redhat.java-1.45.0-win32-x64\jre\21.0.8-win32-x86_64\bin\sunmscapi.dll
Event: 32.993 Loaded shared library C:\Users\Kimberly Figueroa\.vscode\extensions\redhat.java-1.45.0-win32-x64\jre\21.0.8-win32-x86_64\bin\extnet.dll

Deoptimization events (20 events):
Event: 86.009 Thread 0x000001c17831bf90 DEOPT PACKING pc=0x000001c165c721a4 sp=0x000000b5b46fdba0
Event: 86.009 Thread 0x000001c17831bf90 DEOPT UNPACKING pc=0x000001c164db6da2 sp=0x000000b5b46fdb58 mode 2
Event: 86.009 Thread 0x000001c17831bf90 Uncommon trap: trap_request=0xffffffbe fr.pc=0x000001c165c721a4 relative=0x0000000000001f44
Event: 86.009 Thread 0x000001c17831bf90 Uncommon trap: reason=profile_predicate action=maybe_recompile pc=0x000001c165c721a4 method=org.eclipse.jdt.internal.core.util.DeduplicationUtil.intern(Ljava/util/List;)Ljava/util/List; @ 127 c2
Event: 86.009 Thread 0x000001c17831bf90 DEOPT PACKING pc=0x000001c165c721a4 sp=0x000000b5b46fdba0
Event: 86.009 Thread 0x000001c17831bf90 DEOPT UNPACKING pc=0x000001c164db6da2 sp=0x000000b5b46fdb58 mode 2
Event: 86.441 Thread 0x000001c178d58920 Uncommon trap: trap_request=0xffffff45 fr.pc=0x000001c165a9becc relative=0x00000000000002ec
Event: 86.441 Thread 0x000001c178d58920 Uncommon trap: reason=unstable_if action=reinterpret pc=0x000001c165a9becc method=org.eclipse.jdt.internal.core.util.Util.indexOfJavaLikeExtension(Ljava/lang/String;)I @ 85 c2
Event: 86.441 Thread 0x000001c178d58920 DEOPT PACKING pc=0x000001c165a9becc sp=0x000000b5b49fd910
Event: 86.441 Thread 0x000001c178d58920 DEOPT UNPACKING pc=0x000001c164db6da2 sp=0x000000b5b49fd880 mode 2
Event: 86.584 Thread 0x000001c172b56c40 Uncommon trap: trap_request=0xffffff45 fr.pc=0x000001c165928264 relative=0x0000000000000e44
Event: 86.584 Thread 0x000001c172b56c40 Uncommon trap: reason=unstable_if action=reinterpret pc=0x000001c165928264 method=org.eclipse.core.internal.watson.ElementTree.getElementData(Lorg/eclipse/core/runtime/IPath;)Ljava/lang/Object; @ 21 c2
Event: 86.584 Thread 0x000001c172b56c40 DEOPT PACKING pc=0x000001c165928264 sp=0x000000b5b1afe4f0
Event: 86.584 Thread 0x000001c172b56c40 DEOPT UNPACKING pc=0x000001c164db6da2 sp=0x000000b5b1afe450 mode 2
Event: 86.906 Thread 0x000001c178d58920 DEOPT PACKING pc=0x000001c15ebca9a6 sp=0x000000b5b49fd820
Event: 86.906 Thread 0x000001c178d58920 DEOPT UNPACKING pc=0x000001c164db78e2 sp=0x000000b5b49fcd10 mode 0
Event: 87.410 Thread 0x000001c17831bf90 DEOPT PACKING pc=0x000001c15f32f538 sp=0x000000b5b46fdae0
Event: 87.410 Thread 0x000001c17831bf90 DEOPT UNPACKING pc=0x000001c164db78e2 sp=0x000000b5b46fcf60 mode 0
Event: 87.796 Thread 0x000001c17831bf90 DEOPT PACKING pc=0x000001c15f311d9c sp=0x000000b5b46fded0
Event: 87.796 Thread 0x000001c17831bf90 DEOPT UNPACKING pc=0x000001c164db78e2 sp=0x000000b5b46fd3d0 mode 0

Classes loaded (20 events):
Event: 48.609 Loading class java/util/concurrent/ConcurrentHashMap$KeySpliterator
Event: 48.610 Loading class java/util/concurrent/ConcurrentHashMap$KeySpliterator done
Event: 50.484 Loading class java/io/CharArrayWriter
Event: 50.485 Loading class java/io/CharArrayWriter done
Event: 50.526 Loading class java/nio/file/attribute/PosixFileAttributes
Event: 50.527 Loading class java/nio/file/attribute/PosixFileAttributes done
Event: 78.105 Loading class java/util/concurrent/CompletableFuture$UniApply
Event: 78.108 Loading class java/util/concurrent/CompletableFuture$UniApply done
Event: 78.119 Loading class java/util/concurrent/CompletableFuture$UniExceptionally
Event: 78.121 Loading class java/util/concurrent/CompletableFuture$UniExceptionally done
Event: 78.829 Loading class java/io/SequenceInputStream
Event: 78.832 Loading class java/io/SequenceInputStream done
Event: 79.723 Loading class java/lang/UnsupportedClassVersionError
Event: 79.726 Loading class java/lang/UnsupportedClassVersionError done
Event: 79.871 Loading class jdk/internal/event/SecurityPropertyModificationEvent
Event: 79.872 Loading class jdk/internal/event/SecurityPropertyModificationEvent done
Event: 80.303 Loading class java/util/zip/CheckedInputStream
Event: 80.312 Loading class java/util/zip/CheckedInputStream done
Event: 80.751 Loading class java/util/zip/GZIPInputStream$1
Event: 80.751 Loading class java/util/zip/GZIPInputStream$1 done

Classes unloaded (11 events):
Event: 21.749 Thread 0x000001c15a6e1b10 Unloading class 0x000001c1011ab000 'java/lang/invoke/LambdaForm$MH+0x000001c1011ab000'
Event: 21.750 Thread 0x000001c15a6e1b10 Unloading class 0x000001c1011aac00 'java/lang/invoke/LambdaForm$MH+0x000001c1011aac00'
Event: 21.750 Thread 0x000001c15a6e1b10 Unloading class 0x000001c1011aa800 'java/lang/invoke/LambdaForm$MH+0x000001c1011aa800'
Event: 21.750 Thread 0x000001c15a6e1b10 Unloading class 0x000001c1011aa400 'java/lang/invoke/LambdaForm$MH+0x000001c1011aa400'
Event: 21.750 Thread 0x000001c15a6e1b10 Unloading class 0x000001c1011aa000 'java/lang/invoke/LambdaForm$BMH+0x000001c1011aa000'
Event: 21.750 Thread 0x000001c15a6e1b10 Unloading class 0x000001c1011a9c00 'java/lang/invoke/LambdaForm$DMH+0x000001c1011a9c00'
Event: 21.750 Thread 0x000001c15a6e1b10 Unloading class 0x000001c1011a8800 'java/lang/invoke/LambdaForm$DMH+0x000001c1011a8800'
Event: 41.693 Thread 0x000001c15a6e1b10 Unloading class 0x000001c10164d400 'java/lang/invoke/LambdaForm$DMH+0x000001c10164d400'
Event: 41.693 Thread 0x000001c15a6e1b10 Unloading class 0x000001c10164d000 'java/lang/invoke/LambdaForm$DMH+0x000001c10164d000'
Event: 41.693 Thread 0x000001c15a6e1b10 Unloading class 0x000001c10164cc00 'java/lang/invoke/LambdaForm$DMH+0x000001c10164cc00'
Event: 41.693 Thread 0x000001c15a6e1b10 Unloading class 0x000001c10164c800 'java/lang/invoke/LambdaForm$DMH+0x000001c10164c800'

Classes redefined (0 events):
No events

Internal exceptions (20 events):
Event: 79.823 Thread 0x000001c172b55200 Exception <a 'sun/nio/fs/WindowsException'{0x00000000d56ebe70}> (0x00000000d56ebe70) 
thrown [s\src\hotspot\share\prims\jni.cpp, line 520]
Event: 79.824 Thread 0x000001c172b55200 Exception <a 'sun/nio/fs/WindowsException'{0x00000000d5701b48}> (0x00000000d5701b48) 
thrown [s\src\hotspot\share\prims\jni.cpp, line 520]
Event: 79.856 Thread 0x000001c172b57960 Exception <a 'sun/nio/fs/WindowsException'{0x00000000d575caf0}> (0x00000000d575caf0) 
thrown [s\src\hotspot\share\prims\jni.cpp, line 520]
Event: 79.856 Thread 0x000001c172b57960 Exception <a 'sun/nio/fs/WindowsException'{0x00000000d575d200}> (0x00000000d575d200) 
thrown [s\src\hotspot\share\prims\jni.cpp, line 520]
Event: 79.879 Thread 0x000001c17831bf90 Exception <a 'java/lang/NoSuchMethodError'{0x00000000d5843c70}: 'int java.lang.invoke.Invokers$Holder.invokeExact_MT(java.lang.Object, java.lang.Object)'> (0x00000000d5843c70) 
thrown [s\src\hotspot\share\interpreter\linkResolver.cpp, line 773]
Event: 80.057 Thread 0x000001c172b54b70 Exception <a 'sun/nio/fs/WindowsException'{0x00000000d5612a58}> (0x00000000d5612a58) 
thrown [s\src\hotspot\share\prims\jni.cpp, line 520]
Event: 80.057 Thread 0x000001c172b54b70 Exception <a 'sun/nio/fs/WindowsException'{0x00000000d5617fe0}> (0x00000000d5617fe0) 
thrown [s\src\hotspot\share\prims\jni.cpp, line 520]
Event: 81.149 Thread 0x000001c178d58920 Implicit null exception at 0x000001c165be95a8 to 0x000001c165be9e9c
Event: 83.552 Thread 0x000001c178d58920 Implicit null exception at 0x000001c165c03644 to 0x000001c165c08dc8
Event: 84.898 Thread 0x000001c178d5b080 Exception <a 'java/lang/ArrayIndexOutOfBoundsException'{0x00000000d5c3be00}> (0x00000000d5c3be00) 
thrown [s\src\hotspot\share\runtime\sharedRuntime.cpp, line 625]
Event: 86.118 Thread 0x000001c178d58920 Exception <a 'java/lang/IncompatibleClassChangeError'{0x00000000d593b5d8}: Found class java.lang.Object, but interface was expected> (0x00000000d593b5d8) 
thrown [s\src\hotspot\share\interpreter\linkResolver.cpp, line 840]
Event: 86.584 Thread 0x000001c172b56c40 Implicit null exception at 0x000001c165927a31 to 0x000001c165928240
Event: 86.609 Thread 0x000001c178d5b710 Exception <a 'sun/nio/fs/WindowsException'{0x00000000d5904ac0}> (0x00000000d5904ac0) 
thrown [s\src\hotspot\share\prims\jni.cpp, line 520]
Event: 86.611 Thread 0x000001c178d5b710 Exception <a 'sun/nio/fs/WindowsException'{0x00000000d59054a0}> (0x00000000d59054a0) 
thrown [s\src\hotspot\share\prims\jni.cpp, line 520]
Event: 86.613 Thread 0x000001c178d5b710 Exception <a 'sun/nio/fs/WindowsException'{0x00000000d5906478}> (0x00000000d5906478) 
thrown [s\src\hotspot\share\prims\jni.cpp, line 520]
Event: 86.613 Thread 0x000001c178d5b710 Exception <a 'sun/nio/fs/WindowsException'{0x00000000d5906e38}> (0x00000000d5906e38) 
thrown [s\src\hotspot\share\prims\jni.cpp, line 520]
Event: 86.618 Thread 0x000001c178d5b710 Exception <a 'sun/nio/fs/WindowsException'{0x00000000d5ba70f0}> (0x00000000d5ba70f0) 
thrown [s\src\hotspot\share\prims\jni.cpp, line 520]
Event: 86.619 Thread 0x000001c178d5b710 Exception <a 'sun/nio/fs/WindowsException'{0x00000000d5ba7ab0}> (0x00000000d5ba7ab0) 
thrown [s\src\hotspot\share\prims\jni.cpp, line 520]
Event: 87.072 Thread 0x000001c178d5b710 Exception <a 'sun/nio/fs/WindowsException'{0x00000000d565ad00}> (0x00000000d565ad00) 
thrown [s\src\hotspot\share\prims\jni.cpp, line 520]
Event: 87.073 Thread 0x000001c178d5b710 Exception <a 'sun/nio/fs/WindowsException'{0x00000000d56dde60}> (0x00000000d56dde60) 
thrown [s\src\hotspot\share\prims\jni.cpp, line 520]

ZGC Phase Switch (0 events):
No events

VM Operations (20 events):
Event: 87.107 Executing VM operation: ParallelGCFailedAllocation (Allocation Failure) done
Event: 87.125 Executing VM operation: ParallelGCFailedAllocation (Allocation Failure)
Event: 87.130 Executing VM operation: ParallelGCFailedAllocation (Allocation Failure) done
Event: 87.155 Executing VM operation: ParallelGCFailedAllocation (Allocation Failure)
Event: 87.165 Executing VM operation: ParallelGCFailedAllocation (Allocation Failure) done
Event: 87.210 Executing VM operation: ParallelGCFailedAllocation (Allocation Failure)
Event: 87.212 Executing VM operation: ParallelGCFailedAllocation (Allocation Failure) done
Event: 87.215 Executing VM operation: ParallelGCFailedAllocation (Allocation Failure)
Event: 87.236 Executing VM operation: ParallelGCFailedAllocation (Allocation Failure) done
Event: 87.263 Executing VM operation: ParallelGCFailedAllocation (Allocation Failure)
Event: 87.270 Executing VM operation: ParallelGCFailedAllocation (Allocation Failure) done
Event: 87.312 Executing VM operation: ParallelGCFailedAllocation (Allocation Failure)
Event: 87.316 Executing VM operation: ParallelGCFailedAllocation (Allocation Failure) done
Event: 87.341 Executing VM operation: ParallelGCFailedAllocation (Allocation Failure)
Event: 87.361 Executing VM operation: ParallelGCFailedAllocation (Allocation Failure) done
Event: 87.548 Executing VM operation: HandshakeAllThreads (Deoptimize)
Event: 87.662 Executing VM operation: HandshakeAllThreads (Deoptimize) done
Event: 87.804 Executing VM operation: ParallelGCFailedAllocation (Allocation Failure)
Event: 87.804 Executing VM operation: ParallelGCFailedAllocation (Allocation Failure) done
Event: 88.764 Executing VM operation: ParallelGCSystemGC (GCLocker Initiated GC)

Memory protections (0 events):
No events

Nmethod flushes (20 events):
Event: 41.710 Thread 0x000001c15a6e1b10 flushing  nmethod 0x000001c15e12a290
Event: 41.710 Thread 0x000001c15a6e1b10 flushing  nmethod 0x000001c15e12c810
Event: 41.710 Thread 0x000001c15a6e1b10 flushing  nmethod 0x000001c15e13f210
Event: 41.710 Thread 0x000001c15a6e1b10 flushing  nmethod 0x000001c15e13f610
Event: 41.710 Thread 0x000001c15a6e1b10 flushing  nmethod 0x000001c15e140810
Event: 41.710 Thread 0x000001c15a6e1b10 flushing  nmethod 0x000001c15e140e10
Event: 41.710 Thread 0x000001c15a6e1b10 flushing  nmethod 0x000001c15e141690
Event: 41.710 Thread 0x000001c15a6e1b10 flushing  nmethod 0x000001c15e146890
Event: 41.710 Thread 0x000001c15a6e1b10 flushing  nmethod 0x000001c15e148490
Event: 41.710 Thread 0x000001c15a6e1b10 flushing  nmethod 0x000001c15e14e810
Event: 41.710 Thread 0x000001c15a6e1b10 flushing  nmethod 0x000001c15e165b90
Event: 41.710 Thread 0x000001c15a6e1b10 flushing  nmethod 0x000001c15e177d10
Event: 41.710 Thread 0x000001c15a6e1b10 flushing  nmethod 0x000001c15e17b510
Event: 41.710 Thread 0x000001c15a6e1b10 flushing  nmethod 0x000001c15e19bb90
Event: 41.710 Thread 0x000001c15a6e1b10 flushing  nmethod 0x000001c15e1ebb90
Event: 41.710 Thread 0x000001c15a6e1b10 flushing  nmethod 0x000001c15e1fa490
Event: 41.710 Thread 0x000001c15a6e1b10 flushing  nmethod 0x000001c15e1fbf90
Event: 41.710 Thread 0x000001c15a6e1b10 flushing  nmethod 0x000001c15e1ffe90
Event: 41.710 Thread 0x000001c15a6e1b10 flushing  nmethod 0x000001c15e200710
Event: 41.710 Thread 0x000001c15a6e1b10 flushing  nmethod 0x000001c15e205010

Events (20 events):
Event: 49.773 Thread 0x000001c17b46ea30 Thread exited: 0x000001c17b46ea30
Event: 49.774 Thread 0x000001c17c28a380 Thread exited: 0x000001c17c28a380
Event: 49.774 Thread 0x000001c17b46d680 Thread exited: 0x000001c17b46d680
Event: 49.774 Thread 0x000001c17831bf90 Thread exited: 0x000001c17831bf90
Event: 50.246 Thread 0x000001c172b572d0 Thread added: 0x000001c17c28a380
Event: 51.458 Thread 0x000001c178a7bb80 Thread exited: 0x000001c178a7bb80
Event: 78.117 Thread 0x000001c17831d9d0 Thread added: 0x000001c17c28aa10
Event: 78.139 Thread 0x000001c17831d9d0 Thread added: 0x000001c17831bf90
Event: 78.141 Thread 0x000001c17831bf90 Thread added: 0x000001c178d59640
Event: 78.142 Thread 0x000001c178d59640 Thread added: 0x000001c178d5b080
Event: 78.145 Thread 0x000001c17831d9d0 Thread added: 0x000001c178d58920
Event: 78.149 Thread 0x000001c178d58920 Thread added: 0x000001c178d5a9f0
Event: 79.130 Thread 0x000001c15a5c4a40 Thread added: 0x000001c17cde0820
Event: 79.512 Thread 0x000001c17831d9d0 Thread added: 0x000001c178d5b710
Event: 79.595 Thread 0x000001c172b55200 Thread added: 0x000001c178d5bda0
Event: 79.910 Thread 0x000001c178d5b080 Thread added: 0x000001c178d59cd0
Event: 84.674 Thread 0x000001c178d59cd0 Thread exited: 0x000001c178d59cd0
Event: 84.878 Thread 0x000001c178d5bda0 Thread exited: 0x000001c178d5bda0
Event: 85.450 Thread 0x000001c17cde0820 Thread exited: 0x000001c17cde0820
Event: 87.146 Thread 0x000001c15a5c4a40 Thread added: 0x000001c17b6558c0


Dynamic libraries:
0x00007ff6a06e0000 - 0x00007ff6a06ee000 	c:\Users\Kimberly Figueroa\.vscode\extensions\redhat.java-1.45.0-win32-x64\jre\21.0.8-win32-x86_64\bin\java.exe
0x00007ff8e0360000 - 0x00007ff8e05c9000 	C:\WINDOWS\SYSTEM32\ntdll.dll
0x00007ff8de8b0000 - 0x00007ff8de979000 	C:\WINDOWS\System32\KERNEL32.DLL
0x00007ff8dd870000 - 0x00007ff8ddc63000 	C:\WINDOWS\System32\KERNELBASE.dll
0x00007ff8dd670000 - 0x00007ff8dd7bb000 	C:\WINDOWS\System32\ucrtbase.dll
0x00007ff8d2140000 - 0x00007ff8d2158000 	c:\Users\Kimberly Figueroa\.vscode\extensions\redhat.java-1.45.0-win32-x64\jre\21.0.8-win32-x86_64\bin\jli.dll
0x00007ff8de6e0000 - 0x00007ff8de8a4000 	C:\WINDOWS\System32\USER32.dll
0x00007ff8ddd30000 - 0x00007ff8ddd57000 	C:\WINDOWS\System32\win32u.dll
0x00007ff8dfea0000 - 0x00007ff8dfecb000 	C:\WINDOWS\System32\GDI32.dll
0x00007ff8ddd60000 - 0x00007ff8dde8d000 	C:\WINDOWS\System32\gdi32full.dll
0x00007ff8dd7c0000 - 0x00007ff8dd863000 	C:\WINDOWS\System32\msvcp_win.dll
0x00007ff8d2120000 - 0x00007ff8d213e000 	c:\Users\Kimberly Figueroa\.vscode\extensions\redhat.java-1.45.0-win32-x64\jre\21.0.8-win32-x86_64\bin\VCRUNTIME140.dll
0x00007ff8cb540000 - 0x00007ff8cb7d3000 	C:\WINDOWS\WinSxS\amd64_microsoft.windows.common-controls_6595b64144ccf1df_6.0.26100.5074_none_3e0d6f78e32fd63f\COMCTL32.dll
0x00007ff8df340000 - 0x00007ff8df3e9000 	C:\WINDOWS\System32\msvcrt.dll
0x00007ff8df3f0000 - 0x00007ff8df41f000 	C:\WINDOWS\System32\IMM32.DLL
0x00007ff89d170000 - 0x00007ff89d17c000 	c:\Users\Kimberly Figueroa\.vscode\extensions\redhat.java-1.45.0-win32-x64\jre\21.0.8-win32-x86_64\bin\vcruntime140_1.dll
0x00007ff867850000 - 0x00007ff8678dd000 	c:\Users\Kimberly Figueroa\.vscode\extensions\redhat.java-1.45.0-win32-x64\jre\21.0.8-win32-x86_64\bin\msvcp140.dll
0x00007ff861480000 - 0x00007ff862217000 	c:\Users\Kimberly Figueroa\.vscode\extensions\redhat.java-1.45.0-win32-x64\jre\21.0.8-win32-x86_64\bin\server\jvm.dll
0x00007ff8dff90000 - 0x00007ff8e0044000 	C:\WINDOWS\System32\ADVAPI32.dll
0x00007ff8df430000 - 0x00007ff8df4d6000 	C:\WINDOWS\System32\sechost.dll
0x00007ff8de140000 - 0x00007ff8de258000 	C:\WINDOWS\System32\RPCRT4.dll
0x00007ff8df4e0000 - 0x00007ff8df554000 	C:\WINDOWS\System32\WS2_32.dll
0x00007ff8dd370000 - 0x00007ff8dd3ce000 	C:\WINDOWS\SYSTEM32\POWRPROF.dll
0x00007ff8ce210000 - 0x00007ff8ce245000 	C:\WINDOWS\SYSTEM32\WINMM.dll
0x00007ff8d4ec0000 - 0x00007ff8d4ecb000 	C:\WINDOWS\SYSTEM32\VERSION.dll
0x00007ff8dd350000 - 0x00007ff8dd364000 	C:\WINDOWS\SYSTEM32\UMPDC.dll
0x00007ff8dc2d0000 - 0x00007ff8dc2eb000 	C:\WINDOWS\SYSTEM32\kernel.appcore.dll
0x00007ff89cac0000 - 0x00007ff89caca000 	c:\Users\Kimberly Figueroa\.vscode\extensions\redhat.java-1.45.0-win32-x64\jre\21.0.8-win32-x86_64\bin\jimage.dll
0x00007ff8cb810000 - 0x00007ff8cba52000 	C:\WINDOWS\SYSTEM32\DBGHELP.DLL
0x00007ff8de260000 - 0x00007ff8de5db000 	C:\WINDOWS\System32\combase.dll
0x00007ff8e0240000 - 0x00007ff8e0317000 	C:\WINDOWS\System32\OLEAUT32.dll
0x00007ff8b6b70000 - 0x00007ff8b6bad000 	C:\WINDOWS\SYSTEM32\dbgcore.DLL
0x00007ff8de090000 - 0x00007ff8de129000 	C:\WINDOWS\System32\bcryptPrimitives.dll
0x00007ff89bb00000 - 0x00007ff89bb0f000 	c:\Users\Kimberly Figueroa\.vscode\extensions\redhat.java-1.45.0-win32-x64\jre\21.0.8-win32-x86_64\bin\instrument.dll
0x00007ff878280000 - 0x00007ff87829f000 	c:\Users\Kimberly Figueroa\.vscode\extensions\redhat.java-1.45.0-win32-x64\jre\21.0.8-win32-x86_64\bin\java.dll
0x00007ff8de980000 - 0x00007ff8df0cd000 	C:\WINDOWS\System32\SHELL32.dll
0x00007ff8dde90000 - 0x00007ff8ddffc000 	C:\WINDOWS\System32\wintypes.dll
0x00007ff8db190000 - 0x00007ff8db9e9000 	C:\WINDOWS\SYSTEM32\windows.storage.dll
0x00007ff8df0d0000 - 0x00007ff8df1c0000 	C:\WINDOWS\System32\SHCORE.dll
0x00007ff8df890000 - 0x00007ff8df8f2000 	C:\WINDOWS\System32\shlwapi.dll
0x00007ff8dd410000 - 0x00007ff8dd439000 	C:\WINDOWS\SYSTEM32\profapi.dll
0x00007ff877e00000 - 0x00007ff877e18000 	c:\Users\Kimberly Figueroa\.vscode\extensions\redhat.java-1.45.0-win32-x64\jre\21.0.8-win32-x86_64\bin\zip.dll
0x00007ff89b3c0000 - 0x00007ff89b3d0000 	C:\Users\Kimberly Figueroa\.vscode\extensions\redhat.java-1.45.0-win32-x64\jre\21.0.8-win32-x86_64\bin\net.dll
0x00007ff8d1500000 - 0x00007ff8d161f000 	C:\WINDOWS\SYSTEM32\WINHTTP.dll
0x00007ff8dc850000 - 0x00007ff8dc8bb000 	C:\WINDOWS\system32\mswsock.dll
0x00007ff873ec0000 - 0x00007ff873ed6000 	C:\Users\Kimberly Figueroa\.vscode\extensions\redhat.java-1.45.0-win32-x64\jre\21.0.8-win32-x86_64\bin\nio.dll
0x00007ff8998d0000 - 0x00007ff8998e0000 	c:\Users\Kimberly Figueroa\.vscode\extensions\redhat.java-1.45.0-win32-x64\jre\21.0.8-win32-x86_64\bin\verify.dll
0x00007ff867590000 - 0x00007ff8675d4000 	C:\Users\Kimberly Figueroa\AppData\Roaming\Code\User\globalStorage\redhat.java\1.45.0\config_win\org.eclipse.equinox.launcher\org.eclipse.equinox.launcher.win32.win32.x86_64_1.2.1400.v20250801-0854\eclipse_11916.dll
0x00007ff8df560000 - 0x00007ff8df6f8000 	C:\WINDOWS\System32\ole32.dll
0x00007ff87c760000 - 0x00007ff87c76a000 	C:\Users\Kimberly Figueroa\.vscode\extensions\redhat.java-1.45.0-win32-x64\jre\21.0.8-win32-x86_64\bin\management.dll
0x00007ff87b280000 - 0x00007ff87b28b000 	C:\Users\Kimberly Figueroa\.vscode\extensions\redhat.java-1.45.0-win32-x64\jre\21.0.8-win32-x86_64\bin\management_ext.dll
0x00007ff8e0230000 - 0x00007ff8e0238000 	C:\WINDOWS\System32\PSAPI.DLL
0x00007ff8dcaf0000 - 0x00007ff8dcb0b000 	C:\WINDOWS\SYSTEM32\CRYPTSP.dll
0x00007ff8dc230000 - 0x00007ff8dc26b000 	C:\WINDOWS\system32\rsaenh.dll
0x00007ff8dc8f0000 - 0x00007ff8dc91b000 	C:\WINDOWS\SYSTEM32\USERENV.dll
0x00007ff8dd3e0000 - 0x00007ff8dd406000 	C:\WINDOWS\SYSTEM32\bcrypt.dll
0x00007ff8dcb10000 - 0x00007ff8dcb1c000 	C:\WINDOWS\SYSTEM32\CRYPTBASE.dll
0x00007ff8dbcf0000 - 0x00007ff8dbd24000 	C:\WINDOWS\SYSTEM32\IPHLPAPI.DLL
0x00007ff8dfa00000 - 0x00007ff8dfa0a000 	C:\WINDOWS\System32\NSI.dll
0x00007ff8ac4f0000 - 0x00007ff8ac539000 	C:\Users\Kimberly Figueroa\AppData\Local\Temp\jna-115116419\jna14457660417103003414.dll
0x00007ff8d17a0000 - 0x00007ff8d17be000 	C:\WINDOWS\SYSTEM32\dhcpcsvc6.DLL
0x00007ff8d1770000 - 0x00007ff8d1793000 	C:\WINDOWS\SYSTEM32\dhcpcsvc.DLL
0x00007ff87dae0000 - 0x00007ff87daee000 	C:\Users\Kimberly Figueroa\.vscode\extensions\redhat.java-1.45.0-win32-x64\jre\21.0.8-win32-x86_64\bin\sunmscapi.dll
0x00007ff8dd4f0000 - 0x00007ff8dd667000 	C:\WINDOWS\System32\CRYPT32.dll
0x00007ff8dcd10000 - 0x00007ff8dcd40000 	C:\WINDOWS\SYSTEM32\ncrypt.dll
0x00007ff8dccc0000 - 0x00007ff8dccff000 	C:\WINDOWS\SYSTEM32\NTASN1.dll
0x00007ff8dbd80000 - 0x00007ff8dbea6000 	C:\WINDOWS\SYSTEM32\DNSAPI.dll
0x00007ff8cda90000 - 0x00007ff8cda9b000 	C:\Windows\System32\rasadhlp.dll
0x00007ff8d0430000 - 0x00007ff8d04b6000 	C:\WINDOWS\System32\fwpuclnt.dll
0x00007ff87ab90000 - 0x00007ff87ab99000 	C:\Users\Kimberly Figueroa\.vscode\extensions\redhat.java-1.45.0-win32-x64\jre\21.0.8-win32-x86_64\bin\extnet.dll

JVMTI agents:
c:\Users\Kimberly Figueroa\.vscode\extensions\redhat.java-1.45.0-win32-x64\lombok\lombok-1.18.39-4050.jar path:c:\Users\Kimberly Figueroa\.vscode\extensions\redhat.java-1.45.0-win32-x64\jre\21.0.8-win32-x86_64\bin\instrument.dll, loaded, initialized, instrumentlib options:none

dbghelp: loaded successfully - version: 4.0.5 - missing functions: none
symbol engine: initialized successfully - sym options: 0x614 - pdb path: .;c:\Users\Kimberly Figueroa\.vscode\extensions\redhat.java-1.45.0-win32-x64\jre\21.0.8-win32-x86_64\bin;C:\WINDOWS\SYSTEM32;C:\WINDOWS\WinSxS\amd64_microsoft.windows.common-controls_6595b64144ccf1df_6.0.26100.5074_none_3e0d6f78e32fd63f;c:\Users\Kimberly Figueroa\.vscode\extensions\redhat.java-1.45.0-win32-x64\jre\21.0.8-win32-x86_64\bin\server;C:\Users\Kimberly Figueroa\AppData\Roaming\Code\User\globalStorage\redhat.java\1.45.0\config_win\org.eclipse.equinox.launcher\org.eclipse.equinox.launcher.win32.win32.x86_64_1.2.1400.v20250801-0854;C:\Users\Kimberly Figueroa\AppData\Local\Temp\jna-115116419

VM Arguments:
jvm_args: --add-modules=ALL-SYSTEM --add-opens=java.base/java.util=ALL-UNNAMED --add-opens=java.base/java.lang=ALL-UNNAMED --add-opens=java.base/sun.nio.fs=ALL-UNNAMED -Declipse.application=org.eclipse.jdt.ls.core.id1 -Dosgi.bundles.defaultStartLevel=4 -Declipse.product=org.eclipse.jdt.ls.core.product -Djava.import.generatesMetadataFilesAtProjectRoot=false -DDetectVMInstallationsJob.disabled=true -Dfile.encoding=utf8 -XX:+UseParallelGC -XX:GCTimeRatio=4 -XX:AdaptiveSizePolicyWeight=90 -Dsun.zip.disableMemoryMapping=true -Xmx2G -Xms100m -Xlog:disable -javaagent:c:\Users\Kimberly Figueroa\.vscode\extensions\redhat.java-1.45.0-win32-x64\lombok\lombok-1.18.39-4050.jar -XX:+HeapDumpOnOutOfMemoryError -XX:HeapDumpPath=c:\Users\Kimberly Figueroa\AppData\Roaming\Code\User\workspaceStorage\4bc9a6e7a02183085dbde85ddfb03834\redhat.java -Daether.dependencyCollector.impl=bf 
java_command: c:\Users\Kimberly Figueroa\.vscode\extensions\redhat.java-1.45.0-win32-x64\server\plugins\org.eclipse.equinox.launcher_1.7.0.v20250519-0528.jar -configuration c:\Users\Kimberly Figueroa\AppData\Roaming\Code\User\globalStorage\redhat.java\1.45.0\config_win -data c:\Users\Kimberly Figueroa\AppData\Roaming\Code\User\workspaceStorage\4bc9a6e7a02183085dbde85ddfb03834\redhat.java\jdt_ws --pipe=\\.\pipe\lsp-cd9f1657cee110e446a45de9d5dac135-sock
java_class_path (initial): c:\Users\Kimberly Figueroa\.vscode\extensions\redhat.java-1.45.0-win32-x64\server\plugins\org.eclipse.equinox.launcher_1.7.0.v20250519-0528.jar
Launcher Type: SUN_STANDARD

[Global flags]
    uintx AdaptiveSizePolicyWeight                 = 90                                        {product} {command line}
     intx CICompilerCount                          = 4                                         {product} {ergonomic}
    uintx GCTimeRatio                              = 4                                         {product} {command line}
     bool HeapDumpOnOutOfMemoryError               = true                                   {manageable} {command line}
    ccstr HeapDumpPath                             = c:\Users\Kimberly Figueroa\AppData\Roaming\Code\User\workspaceStorage\4bc9a6e7a02183085dbde85ddfb03834\redhat.java         {manageable} {command line}
   size_t InitialHeapSize                          = 104857600                                 {product} {command line}
   size_t MaxHeapSize                              = 2147483648                                {product} {command line}
   size_t MaxNewSize                               = 715653120                                 {product} {ergonomic}
   size_t MinHeapDeltaBytes                        = 524288                                    {product} {ergonomic}
   size_t MinHeapSize                              = 104857600                                 {product} {command line}
   size_t NewSize                                  = 34603008                                  {product} {ergonomic}
    uintx NonNMethodCodeHeapSize                   = 5839372                                {pd product} {ergonomic}
    uintx NonProfiledCodeHeapSize                  = 122909434                              {pd product} {ergonomic}
   size_t OldSize                                  = 70254592                                  {product} {ergonomic}
    uintx ProfiledCodeHeapSize                     = 122909434                              {pd product} {ergonomic}
    uintx ReservedCodeCacheSize                    = 251658240                              {pd product} {ergonomic}
     bool SegmentedCodeCache                       = true                                      {product} {ergonomic}
   size_t SoftMaxHeapSize                          = 2147483648                             {manageable} {ergonomic}
     bool UseCompressedOops                        = true                           {product lp64_product} {ergonomic}
     bool UseLargePagesIndividualAllocation        = false                                  {pd product} {ergonomic}
     bool UseParallelGC                            = true                                      {product} {command line}

Logging:
Log output configuration:
 #0: stdout all=off uptime,level,tags foldmultilines=false
 #1: stderr all=off uptime,level,tags foldmultilines=false

Environment Variables:
PATH=C:\Users\Kimberly Figueroa\bin;C:\Program Files\Git\mingw64\bin;C:\Program Files\Git\usr\local\bin;C:\Program Files\Git\usr\bin;C:\Program Files\Git\usr\bin;C:\Program Files\Git\mingw64\bin;C:\Program Files\Git\usr\bin;C:\Users\Kimberly Figueroa\bin;C:\Oracle\dbhomeXE\bin;C:\Program Files\Eclipse Adoptium\jdk-21.0.6.7-hotspot\bin;C:\WINDOWS\system32;C:\WINDOWS;C:\WINDOWS\System32\Wbem;C:\WINDOWS\System32\WindowsPowerShell\v1.0;C:\WINDOWS\System32\OpenSSH;C:\Program Files\Microsoft SQL Server\150\Tools\Binn;C:\Program Files\Microsoft SQL Server\Client SDK\ODBC\170\Tools\Binn;C:\Program Files (x86)\Microsoft SQL Server\160\Tools\Binn;C:\Program Files\Microsoft SQL Server\160\Tools\Binn;C:\Program Files\Microsoft SQL Server\160\DTS\Binn;C:\Program Files (x86)\Microsoft SQL Server\160\DTS\Binn;C:\Program Files\Git\cmd;C:\Program Files\nodejs;C:\Program Files\Docker\Docker\resources\bin;C:\Program Files\MATLAB\R2024b\bin;E:\BK 2025 KIMBERLY\Carpetas Sistema\Downloads\Apache\Maven\apache-maven-3.9.11\bin;C:\Program Files\dotnet;C:\Users\Kimberly Figueroa\AppData\Local\Microsoft\WindowsApps;C:\Users\Kimberly Figueroa\Desktop\Microsoft VS Code\bin;C:\Users\Kimberly Figueroa\AppData\Roaming\npm;C:\Users\Kimberly Figueroa\.dotnet\tools;C:\Program Files\Git\usr\bin\vendor_perl;C:\Program Files\Git\usr\bin\core_perl
USERNAME=Kimberly Figueroa
SHELL=C:\Program Files\Git\usr\bin\bash.exe
DISPLAY=needs-to-be-defined
LC_CTYPE=es_MX.UTF-8
TERM=xterm
TMPDIR=C:\Users\KIMBER~1\AppData\Local\Temp
OS=Windows_NT
PROCESSOR_IDENTIFIER=Intel64 Family 6 Model 126 Stepping 5, GenuineIntel
TMP=C:\Users\KIMBER~1\AppData\Local\Temp
TEMP=C:\Users\KIMBER~1\AppData\Local\Temp




Periodic native trim disabled

---------------  S Y S T E M  ---------------

OS:
 Windows 11 , 64 bit Build 26100 (10.0.26100.5074)
OS uptime: 9 days 17:59 hours

CPU: total 8 (initial active 8) (4 cores per cpu, 2 threads per core) family 6 model 126 stepping 5 microcode 0xa6, cx8, cmov, fxsr, ht, mmx, 3dnowpref, sse, sse2, sse3, ssse3, sse4.1, sse4.2, popcnt, lzcnt, tsc, tscinvbit, avx, avx2, aes, erms, clmul, bmi1, bmi2, adx, avx512f, avx512dq, avx512cd, avx512bw, avx512vl, sha, fma, vzeroupper, avx512_vpopcntdq, avx512_vpclmulqdq, avx512_vaes, avx512_vnni, clflush, clflushopt, avx512_vbmi2, avx512_vbmi, rdtscp, rdpid, fsrm, gfni, avx512_bitalg, f16c, pku, avx512_ifma
Processor Information for the first 8 processors :
  Max Mhz: 1190, Current Mhz: 991, Mhz Limit: 987

Memory: 4k page, system-wide physical 3885M (311M free)
TotalPageFile size 15661M (AvailPageFile size 13M)
current process WorkingSet (physical memory assigned to process): 253M, peak: 605M
current process commit charge ("private bytes"): 1170M, peak: 1187M

vm_info: OpenJDK 64-Bit Server VM (21.0.8+9-LTS) for windows-amd64 JRE (21.0.8+9-LTS), built on 2025-07-15T00:00:00Z by "admin" with MS VC++ 17.7 (VS2022)

END.
